<?xml version="1.0" encoding="UTF-8"?>
<testng-results ignored="0" total="1" passed="1" failed="0" skipped="0">
  <reporter-output>
  </reporter-output>
  <suite started-at="2025-05-06T12:28:08 ART" name="Default suite" finished-at="2025-05-06T12:28:12 ART" duration-ms="3343">
    <groups>
    </groups>
    <test started-at="2025-05-06T12:28:08 ART" name="Default test" finished-at="2025-05-06T12:28:12 ART" duration-ms="3343">
      <class name="test_e2e.TestE2E">
        <test-method is-config="true" signature="configurateTest()[pri:0, instance:test_e2e.TestE2E@6283d8b8]" started-at="2025-05-06T12:28:09 ART" name="configurateTest" finished-at="2025-05-06T12:28:10 ART" duration-ms="1741" status="PASS">
          <reporter-output>
          </reporter-output>
        </test-method> <!-- configurateTest -->
        <test-method signature="purchase(java.lang.String,java.lang.String,java.lang.String,java.lang.String,java.lang.String,java.lang.String)[pri:1, instance:test_e2e.TestE2E@6283d8b8]" started-at="2025-05-06T12:28:10 ART" name="purchase" data-provider="Purchase" finished-at="2025-05-06T12:28:11 ART" duration-ms="1046" status="PASS">
          <params>
            <param index="0">
              <value>
                <![CDATA[standard_user]]>
              </value>
            </param>
            <param index="1">
              <value>
                <![CDATA[secret_sauce]]>
              </value>
            </param>
            <param index="2">
              <value>
                <![CDATA[Ernesto]]>
              </value>
            </param>
            <param index="3">
              <value>
                <![CDATA[Zabala]]>
              </value>
            </param>
            <param index="4">
              <value>
                <![CDATA[1414]]>
              </value>
            </param>
            <param index="5">
              <value>
                <![CDATA[Sauce Labs Backpack]]>
              </value>
            </param>
          </params>
          <reporter-output>
          </reporter-output>
        </test-method> <!-- purchase -->
        <test-method is-config="true" signature="finishTest()[pri:0, instance:test_e2e.TestE2E@6283d8b8]" started-at="2025-05-06T12:28:11 ART" name="finishTest" finished-at="2025-05-06T12:28:12 ART" duration-ms="220" status="PASS">
          <reporter-output>
          </reporter-output>
        </test-method> <!-- finishTest -->
      </class> <!-- test_e2e.TestE2E -->
    </test> <!-- Default test -->
  </suite> <!-- Default suite -->
</testng-results>
